<?xml version="1.0" encoding="UTF-8" ?>
<testsuite errors="0" failures="0" hostname="instance-1" name="HelloWorldTest" skipped="0" tests="3" time="0.126" timestamp="2017-12-27T17:56:40">
  <properties>
    <property name="java.vendor" value="Oracle Corporation" />
    <property name="lib.dir" value="lib" />
    <property name="sun.java.launcher" value="SUN_STANDARD" />
    <property name="sun.management.compiler" value="HotSpot 64-Bit Tiered Compilers" />
    <property name="os.name" value="Windows Server 2016" />
    <property name="sun.desktop" value="windows" />
    <property name="java.vm.specification.vendor" value="Oracle Corporation" />
    <property name="ant.home" value="C:\apache-ant-1.10.1" />
    <property name="jar.dir" value="build/jar" />
    <property name="java.runtime.version" value="9.0.1+11" />
    <property name="user.name" value="cmanisha" />
    <property name="build.dir" value="build" />
    <property name="user.language" value="en" />
    <property name="sun.boot.library.path" value="C:\Program Files\Java\jdk-9.0.1\bin" />
    <property name="ant.project.name" value="FirstProject" />
    <property name="java.vm.compressedOopsMode" value="32-bit" />
    <property name="java.version" value="9.0.1" />
    <property name="user.timezone" value="" />
    <property name="sun.arch.data.model" value="64" />
    <property name="sun.cpu.isalist" value="amd64" />
    <property name="sun.jnu.encoding" value="Cp1252" />
    <property name="file.encoding.pkg" value="sun.io" />
    <property name="file.separator" value="\" />
    <property name="java.specification.name" value="Java Platform API Specification" />
    <property name="java.class.version" value="53.0" />
    <property name="classes.dir" value="build/classes" />
    <property name="user.country" value="US" />
    <property name="java.home" value="C:\Program Files\Java\jdk-9.0.1" />
    <property name="java.vm.info" value="mixed mode" />
    <property name="main-class" value="HelloWorld" />
    <property name="ant.file" value="C:\New folder\FirstProject\build.xml" />
    <property name="os.version" value="10.0" />
    <property name="ant.file.FirstProject" value="C:\New folder\FirstProject\build.xml" />
    <property name="path.separator" value=";" />
    <property name="ant.file.type.FirstProject" value="file" />
    <property name="java.vm.version" value="9.0.1+11" />
    <property name="report.dir" value="${build.dir}/junitreport" />
    <property name="user.variant" value="" />
    <property name="ant.library.dir" value="C:\apache-ant-1.10.1\lib" />
    <property name="java.awt.printerjob" value="sun.awt.windows.WPrinterJob" />
    <property name="sun.io.unicode.encoding" value="UnicodeLittle" />
    <property name="awt.toolkit" value="sun.awt.windows.WToolkit" />
    <property name="sun.stdout.encoding" value="cp437" />
    <property name="user.script" value="" />
    <property name="user.home" value="C:\Users\cmanisha" />
    <property name="java.specification.vendor" value="Oracle Corporation" />
    <property name="java.library.path" value="C:\Program Files\Java\jdk-9.0.1\bin;C:\Windows\Sun\Java\bin;C:\Windows\system32;C:\Windows;C:\ProgramData\Oracle\Java\javapath;C:\Windows\system32;C:\Windows;C:\Windows\System32\Wbem;C:\Windows\System32\WindowsPowerShell\v1.0\;C:\ProgramData\GooGet;C:\Program Files\Google\Compute Engine\metadata_scripts;C:\Program Files (x86)\Google\Cloud SDK\google-cloud-sdk\bin;C:\Program Files\Google\Compute Engine\sysprep;C:\Program Files (x86)\Git\cmd;C:\Program Files\Java\jdk-9.0.1\bin;C:\apache-ant-1.10.1\bin;C:\Users\cmanisha\AppData\Local\Microsoft\WindowsApps;;." />
    <property name="java.vendor.url" value="http://java.oracle.com/" />
    <property name="java.vm.vendor" value="Oracle Corporation" />
    <property name="java.runtime.name" value="Java(TM) SE Runtime Environment" />
    <property name="sun.java.command" value="org.apache.tools.ant.launch.Launcher junit" />
    <property name="java.class.path" value="C:\apache-ant-1.10.1\lib\ant-launcher.jar;C:\apache-ant-1.10.1\lib\ant-antlr.jar;C:\apache-ant-1.10.1\lib\ant-apache-bcel.jar;C:\apache-ant-1.10.1\lib\ant-apache-bsf.jar;C:\apache-ant-1.10.1\lib\ant-apache-log4j.jar;C:\apache-ant-1.10.1\lib\ant-apache-oro.jar;C:\apache-ant-1.10.1\lib\ant-apache-regexp.jar;C:\apache-ant-1.10.1\lib\ant-apache-resolver.jar;C:\apache-ant-1.10.1\lib\ant-apache-xalan2.jar;C:\apache-ant-1.10.1\lib\ant-commons-logging.jar;C:\apache-ant-1.10.1\lib\ant-commons-net.jar;C:\apache-ant-1.10.1\lib\ant-jai.jar;C:\apache-ant-1.10.1\lib\ant-javamail.jar;C:\apache-ant-1.10.1\lib\ant-jdepend.jar;C:\apache-ant-1.10.1\lib\ant-jmf.jar;C:\apache-ant-1.10.1\lib\ant-jsch.jar;C:\apache-ant-1.10.1\lib\ant-junit.jar;C:\apache-ant-1.10.1\lib\ant-junit4.jar;C:\apache-ant-1.10.1\lib\ant-launcher.jar;C:\apache-ant-1.10.1\lib\ant-netrexx.jar;C:\apache-ant-1.10.1\lib\ant-swing.jar;C:\apache-ant-1.10.1\lib\ant-testutil.jar;C:\apache-ant-1.10.1\lib\ant-xz.jar;C:\apache-ant-1.10.1\lib\ant.jar;C:\apache-ant-1.10.1\lib\hamcrest-core-1.3.jar;C:\apache-ant-1.10.1\lib\junit-4.12.jar" />
    <property name="ant.version" value="Apache Ant(TM) version 1.10.1 compiled on February 2 2017" />
    <property name="jdk.debug" value="release" />
    <property name="java.vm.specification.name" value="Java Virtual Machine Specification" />
    <property name="ant.file.type" value="file" />
    <property name="java.vm.specification.version" value="9" />
    <property name="sun.cpu.endian" value="little" />
    <property name="sun.os.patch.level" value="" />
    <property name="java.io.tmpdir" value="C:\Users\cmanisha\AppData\Local\Temp\2\" />
    <property name="java.vendor.url.bug" value="http://bugreport.java.com/bugreport/" />
    <property name="os.arch" value="amd64" />
    <property name="java.awt.graphicsenv" value="sun.awt.Win32GraphicsEnvironment" />
    <property name="user.dir" value="C:\New folder\FirstProject" />
    <property name="line.separator" value="&#xd;&#xa;" />
    <property name="java.vm.name" value="Java HotSpot(TM) 64-Bit Server VM" />
    <property name="basedir" value="C:\New folder\FirstProject" />
    <property name="ant.java.version" value="9" />
    <property name="ant.core.lib" value="C:\apache-ant-1.10.1\lib\ant.jar" />
    <property name="sun.stderr.encoding" value="cp437" />
    <property name="file.encoding" value="Cp1252" />
    <property name="java.specification.version" value="9" />
    <property name="src.dir" value="src" />
    <property name="ant.project.invoked-targets" value="junit" />
  </properties>
  <testcase classname="HelloWorldTest" name="TestNumToWordFive" time="0.002" />
  <testcase classname="HelloWorldTest" name="TestNumToWordFiveHundred" time="0.0" />
  <testcase classname="HelloWorldTest" name="TestNumToWordHundred" time="0.001" />
  <system-out><![CDATA[]]></system-out>
  <system-err><![CDATA[]]></system-err>
</testsuite>
